<?xml version="1.0" encoding="UTF-8"?>
<testng-results skipped="0" failed="0" total="1" passed="1">
  <reporter-output>
  </reporter-output>
  <suite name="Suite" duration-ms="67182" started-at="2020-05-12T04:10:27Z" finished-at="2020-05-12T04:11:34Z">
    <groups>
    </groups>
    <test name="Test" duration-ms="67182" started-at="2020-05-12T04:10:27Z" finished-at="2020-05-12T04:11:34Z">
      <class name="com.seleniumtestngjenkinsgithub.example.RegisterTest">
        <test-method status="PASS" signature="beforeMethod()[pri:0, instance:com.seleniumtestngjenkinsgithub.example.RegisterTest@7f9a81e8]" name="beforeMethod" is-config="true" duration-ms="47110" started-at="2020-05-11T23:10:27Z" finished-at="2020-05-11T23:11:14Z">
          <reporter-output>
          </reporter-output>
        </test-method> <!-- beforeMethod -->
        <test-method status="PASS" signature="registerPage()[pri:0, instance:com.seleniumtestngjenkinsgithub.example.RegisterTest@7f9a81e8]" name="registerPage" duration-ms="7932" started-at="2020-05-11T23:11:14Z" finished-at="2020-05-11T23:11:22Z">
          <reporter-output>
          </reporter-output>
        </test-method> <!-- registerPage -->
        <test-method status="PASS" signature="afterMethod()[pri:0, instance:com.seleniumtestngjenkinsgithub.example.RegisterTest@7f9a81e8]" name="afterMethod" is-config="true" duration-ms="12062" started-at="2020-05-11T23:11:22Z" finished-at="2020-05-11T23:11:34Z">
          <reporter-output>
          </reporter-output>
        </test-method> <!-- afterMethod -->
      </class> <!-- com.seleniumtestngjenkinsgithub.example.RegisterTest -->
    </test> <!-- Test -->
  </suite> <!-- Suite -->
</testng-results>
